Determining if the pthread_create exist failed with the following output:
Change Dir: /home/vivek/eufs_ws/src/darknet_ros/darknet_ros/cmake-build-debug/CMakeFiles/CMakeTmp

Run Build Command:"/usr/bin/make" "cmTC_d54aa/fast"
/usr/bin/make -f CMakeFiles/cmTC_d54aa.dir/build.make CMakeFiles/cmTC_d54aa.dir/build
make[1]: Entering directory '/home/vivek/eufs_ws/src/darknet_ros/darknet_ros/cmake-build-debug/CMakeFiles/CMakeTmp'
Building C object CMakeFiles/cmTC_d54aa.dir/CheckSymbolExists.c.o
/usr/bin/cc    -o CMakeFiles/cmTC_d54aa.dir/CheckSymbolExists.c.o   -c /home/vivek/eufs_ws/src/darknet_ros/darknet_ros/cmake-build-debug/CMakeFiles/CMakeTmp/CheckSymbolExists.c
Linking C executable cmTC_d54aa
/home/vivek/IDEs/clion-2018.3.4/bin/cmake/linux/bin/cmake -E cmake_link_script CMakeFiles/cmTC_d54aa.dir/link.txt --verbose=1
/usr/bin/cc      -rdynamic CMakeFiles/cmTC_d54aa.dir/CheckSymbolExists.c.o  -o cmTC_d54aa 
CMakeFiles/cmTC_d54aa.dir/CheckSymbolExists.c.o: In function `main':
CheckSymbolExists.c:(.text+0x16): undefined reference to `pthread_create'
collect2: error: ld returned 1 exit status
CMakeFiles/cmTC_d54aa.dir/build.make:86: recipe for target 'cmTC_d54aa' failed
make[1]: *** [cmTC_d54aa] Error 1
make[1]: Leaving directory '/home/vivek/eufs_ws/src/darknet_ros/darknet_ros/cmake-build-debug/CMakeFiles/CMakeTmp'
Makefile:121: recipe for target 'cmTC_d54aa/fast' failed
make: *** [cmTC_d54aa/fast] Error 2

File /home/vivek/eufs_ws/src/darknet_ros/darknet_ros/cmake-build-debug/CMakeFiles/CMakeTmp/CheckSymbolExists.c:
/* */
#include <pthread.h>

int main(int argc, char** argv)
{
  (void)argv;
#ifndef pthread_create
  return ((int*)(&pthread_create))[argc];
#else
  (void)argc;
  return 0;
#endif
}

Determining if the function pthread_create exists in the pthreads failed with the following output:
Change Dir: /home/vivek/eufs_ws/src/darknet_ros/darknet_ros/cmake-build-debug/CMakeFiles/CMakeTmp

Run Build Command:"/usr/bin/make" "cmTC_eec8a/fast"
/usr/bin/make -f CMakeFiles/cmTC_eec8a.dir/build.make CMakeFiles/cmTC_eec8a.dir/build
make[1]: Entering directory '/home/vivek/eufs_ws/src/darknet_ros/darknet_ros/cmake-build-debug/CMakeFiles/CMakeTmp'
Building C object CMakeFiles/cmTC_eec8a.dir/CheckFunctionExists.c.o
/usr/bin/cc   -DCHECK_FUNCTION_EXISTS=pthread_create   -o CMakeFiles/cmTC_eec8a.dir/CheckFunctionExists.c.o   -c /home/vivek/IDEs/clion-2018.3.4/bin/cmake/linux/share/cmake-3.13/Modules/CheckFunctionExists.c
Linking C executable cmTC_eec8a
/home/vivek/IDEs/clion-2018.3.4/bin/cmake/linux/bin/cmake -E cmake_link_script CMakeFiles/cmTC_eec8a.dir/link.txt --verbose=1
/usr/bin/cc  -DCHECK_FUNCTION_EXISTS=pthread_create    -rdynamic CMakeFiles/cmTC_eec8a.dir/CheckFunctionExists.c.o  -o cmTC_eec8a -lpthreads 
/usr/bin/ld: cannot find -lpthreads
collect2: error: ld returned 1 exit status
CMakeFiles/cmTC_eec8a.dir/build.make:86: recipe for target 'cmTC_eec8a' failed
make[1]: *** [cmTC_eec8a] Error 1
make[1]: Leaving directory '/home/vivek/eufs_ws/src/darknet_ros/darknet_ros/cmake-build-debug/CMakeFiles/CMakeTmp'
Makefile:121: recipe for target 'cmTC_eec8a/fast' failed
make: *** [cmTC_eec8a/fast] Error 2


